<?xml version="1.0" encoding="UTF-8"?>
<!-- Generated by org.testng.reporters.JUnitReportReporter -->
<testsuite hostname="ACSIPL-54" failures="0" tests="1" name="com.olobby.R.FolderAces_2" time="69.990" errors="0" timestamp="2023-07-11T13:00:55 IST" skipped="0">
  <testcase classname="com.olobby.R.FolderAces_2" name="export" time="69.990"/>
  <system-out/>
</testsuite> <!-- com.olobby.R.FolderAces_2 -->
