<?xml version="1.0" encoding="UTF-8"?>
<!-- Generated by org.testng.reporters.JUnitReportReporter -->
<testsuite hostname="ACSIPL-54" failures="0" tests="1" name="com.olobby.R.AddSubTask" time="123.102" errors="0" timestamp="2023-06-14T16:59:13 IST" skipped="0">
  <testcase classname="com.olobby.R.AddSubTask" name="taskEdit" time="123.102"/>
  <system-out/>
</testsuite> <!-- com.olobby.R.AddSubTask -->
