<?xml version="1.0" encoding="UTF-8"?>
<!-- Generated by org.testng.reporters.JUnitReportReporter -->
<testsuite hostname="ACSIPL-54" failures="0" tests="1" name="com.olobby.vikram.SmokeTC_18" time="31.821" errors="0" timestamp="2023-05-24T15:05:58 IST" skipped="0">
  <testcase classname="com.olobby.vikram.SmokeTC_18" name="SortingTasksFullScrView" time="31.821"/>
  <system-out/>
</testsuite> <!-- com.olobby.vikram.SmokeTC_18 -->
