<?xml version="1.0" encoding="UTF-8"?>
<!-- Generated by org.testng.reporters.JUnitReportReporter -->
<testsuite hostname="ACSIPL-54" failures="0" tests="1" name="com.olobby.Tasks.ProjectHomePage" time="2012.924" errors="0" timestamp="2023-07-14T11:18:09 IST" skipped="0">
  <testcase classname="com.olobby.Tasks.ProjectHomePage" name="projectHomepageElements" time="2012.924"/>
  <system-out/>
</testsuite> <!-- com.olobby.Tasks.ProjectHomePage -->
