<?xml version="1.0" encoding="UTF-8"?>
<!-- Generated by org.testng.reporters.JUnitReportReporter -->
<testsuite hostname="ACSIPL-54" failures="0" tests="1" name="com.olobby.R.FolderAces_1" time="108.871" errors="0" timestamp="2023-07-11T10:50:42 IST" skipped="0">
  <testcase classname="com.olobby.R.FolderAces_1" name="usersAssignGroup" time="108.871"/>
  <system-out/>
</testsuite> <!-- com.olobby.R.FolderAces_1 -->
