<?xml version="1.0" encoding="UTF-8"?>
<!-- Generated by org.testng.reporters.JUnitReportReporter -->
<testsuite hostname="ACSIPL-54" failures="0" tests="1" name="com.olobby.R.Users_Location_Roles" time="86.685" errors="0" timestamp="2023-07-10T17:53:46 IST" skipped="0">
  <testcase classname="com.olobby.R.Users_Location_Roles" name="roles_users" time="86.685"/>
  <system-out/>
</testsuite> <!-- com.olobby.R.Users_Location_Roles -->
