<?xml version="1.0" encoding="UTF-8"?>
<!-- Generated by org.testng.reporters.JUnitReportReporter -->
<testsuite hostname="ACSIPL-06" failures="0" tests="1" name="com.olobby.prakash.SmokeTestCase_tc_14" time="29.447" errors="0" timestamp="2023-05-16T11:24:30 IST" skipped="0">
  <testcase classname="com.olobby.prakash.SmokeTestCase_tc_14" name="TestTrashFeatureForQuickNotes" time="29.447"/>
  <system-out/>
</testsuite> <!-- com.olobby.prakash.SmokeTestCase_tc_14 -->
