<?xml version="1.0" encoding="UTF-8"?>
<!-- Generated by org.testng.reporters.JUnitReportReporter -->
<testsuite hostname="ACSIPL-54" failures="0" tests="2" name="com.olobby.R.FileShare_QuickAccess2" time="90.556" errors="0" timestamp="2023-07-10T15:05:19 IST" skipped="0">
  <testcase classname="com.olobby.R.FileShare_QuickAccess2" name="requestFiles2" time="54.918"/>
  <system-out/>
  <testcase classname="com.olobby.R.FileShare_QuickAccess2" name="receviedSection" time="35.638"/>
  <system-out/>
</testsuite> <!-- com.olobby.R.FileShare_QuickAccess2 -->
