<?xml version="1.0" encoding="UTF-8"?>
<!-- Generated by org.testng.reporters.JUnitReportReporter -->
<testsuite hostname="ACSIPL-54" failures="0" tests="2" name="com.olobby.R.FileShare_QuickAccess_ReceviedSec" time="94.896" errors="0" timestamp="2023-07-10T17:53:46 IST" skipped="0">
  <testcase classname="com.olobby.R.FileShare_QuickAccess_ReceviedSec" name="receviedSection" time="56.147"/>
  <system-out/>
  <testcase classname="com.olobby.R.FileShare_QuickAccess_ReceviedSec" name="requestFiles2" time="38.749"/>
  <system-out/>
</testsuite> <!-- com.olobby.R.FileShare_QuickAccess_ReceviedSec -->
