<?xml version="1.0" encoding="UTF-8"?>
<!-- Generated by org.testng.reporters.JUnitReportReporter -->
<testsuite hostname="ACSIPL-54" failures="0" tests="1" name="com.olobby.ranadheer.Users_List" time="37.926" errors="0" timestamp="2023-06-12T10:55:24 IST" skipped="0">
  <testcase classname="com.olobby.ranadheer.Users_List" name="roles_users" time="37.926"/>
  <system-out/>
</testsuite> <!-- com.olobby.ranadheer.Users_List -->
