<?xml version="1.0" encoding="UTF-8"?>
<!-- Generated by org.testng.reporters.JUnitReportReporter -->
<testsuite hostname="ACSIPL-54" failures="0" tests="1" name="com.olobby.ranadheer.Users_Location_Roles" time="90.299" errors="0" timestamp="2023-06-12T13:14:58 IST" skipped="0">
  <testcase classname="com.olobby.ranadheer.Users_Location_Roles" name="roles_users" time="90.299"/>
  <system-out/>
</testsuite> <!-- com.olobby.ranadheer.Users_Location_Roles -->
