<?xml version="1.0" encoding="UTF-8"?>
<!-- Generated by org.testng.reporters.JUnitReportReporter -->
<testsuite hostname="ACSIPL-54" failures="0" tests="1" name="com.olobby.FileShare.FileShare_QuickAccess_ReceviedSec" time="72.044" errors="0" timestamp="2023-07-17T16:54:33 IST" skipped="0">
  <testcase classname="com.olobby.FileShare.FileShare_QuickAccess_ReceviedSec" name="receviedSection" time="72.044"/>
  <system-out/>
</testsuite> <!-- com.olobby.FileShare.FileShare_QuickAccess_ReceviedSec -->
