<?xml version="1.0" encoding="UTF-8"?>
<!-- Generated by org.testng.reporters.JUnitReportReporter -->
<testsuite hostname="ACSIPL-54" failures="0" tests="1" name="com.olobby.R.FileShare_Clients" time="73.034" errors="0" timestamp="2023-07-10T17:53:46 IST" skipped="0">
  <testcase classname="com.olobby.R.FileShare_Clients" name="clients" time="73.034"/>
  <system-out/>
</testsuite> <!-- com.olobby.R.FileShare_Clients -->
