<?xml version="1.0" encoding="UTF-8"?>
<!-- Generated by org.testng.reporters.JUnitReportReporter -->
<testsuite hostname="ACSIPL-54" failures="0" tests="1" name="com.olobby.R.EditTask" time="94.491" errors="0" timestamp="2023-06-14T16:59:13 IST" skipped="0">
  <testcase classname="com.olobby.R.EditTask" name="taskEdit" time="94.491"/>
  <system-out/>
</testsuite> <!-- com.olobby.R.EditTask -->
