<?xml version="1.0" encoding="UTF-8"?>
<!-- Generated by org.testng.reporters.JUnitReportReporter -->
<testsuite hostname="ACSIPL-54" failures="0" tests="1" name="com.olobby.ranadheer.FolderAces_1" time="111.731" errors="0" timestamp="2023-06-12T17:02:20 IST" skipped="0">
  <testcase classname="com.olobby.ranadheer.FolderAces_1" name="usersAssignGroup" time="111.731"/>
  <system-out/>
</testsuite> <!-- com.olobby.ranadheer.FolderAces_1 -->
