<?xml version="1.0" encoding="UTF-8"?>
<!-- Generated by org.testng.reporters.JUnitReportReporter -->
<testsuite hostname="ACSIPL-06" failures="0" tests="1" name="com.olobby.prakash.SmokeTestCase_tc_05" time="23.935" errors="0" timestamp="2023-05-08T18:04:03 IST" skipped="0">
  <testcase classname="com.olobby.prakash.SmokeTestCase_tc_05" name="AddDublicateProject" time="23.935"/>
  <system-out/>
</testsuite> <!-- com.olobby.prakash.SmokeTestCase_tc_05 -->
